<?xml version="1.0" encoding="UTF-8"?>
<!-- Generated by org.testng.reporters.JUnitReportReporter -->
<testsuite hostname="nypahe" name="com.appium.TestUiSelector" tests="1" failures="0" timestamp="13 Feb 2016 07:48:33 GMT" time="12.944" errors="0">
  <testcase name="testApp" time="12.944" classname="com.appium.TestUiSelector"/>
</testsuite> <!-- com.appium.TestUiSelector -->
